{
  "RSpec": {
    "coverage": {
      "/home/vitalii/RubymineProjects/issue_tracker_sti/app/models/client.rb": [
        1,
        1,
        null
      ],
      "/home/vitalii/RubymineProjects/issue_tracker_sti/app/models/user.rb": [
        1,
        1,
        null,
        1,
        null,
        null,
        1,
        1,
        null
      ],
      "/home/vitalii/RubymineProjects/issue_tracker_sti/app/models/application_record.rb": [
        1,
        1,
        null
      ],
      "/home/vitalii/RubymineProjects/issue_tracker_sti/app/models/issue.rb": [
        1,
        null,
        null,
        1,
        null,
        1,
        1,
        null,
        null,
        1,
        1,
        null,
        null,
        3,
        null
      ],
      "/home/vitalii/RubymineProjects/issue_tracker_sti/app/models/manager.rb": [
        1,
        1,
        null
      ],
      "/home/vitalii/RubymineProjects/issue_tracker_sti/app/controllers/api/v1/clients/issues_controller.rb": [
        1,
        1,
        1,
        1,
        1,
        null,
        1,
        8,
        null,
        null,
        null,
        null,
        1,
        4,
        null,
        null,
        1,
        6,
        null,
        null,
        1,
        4,
        2,
        null,
        null,
        1,
        4,
        2,
        null,
        null,
        1,
        null,
        1,
        6,
        null,
        null,
        1,
        14,
        null,
        null,
        1,
        18,
        null,
        null,
        null,
        null,
        null
      ],
      "/home/vitalii/RubymineProjects/issue_tracker_sti/app/controllers/api/v1/clients/base_controller.rb": [
        1,
        1,
        1,
        1,
        1,
        null,
        null,
        null,
        null
      ],
      "/home/vitalii/RubymineProjects/issue_tracker_sti/app/controllers/api/v1/base_controller.rb": [
        1,
        1,
        1,
        null,
        null,
        null
      ],
      "/home/vitalii/RubymineProjects/issue_tracker_sti/app/controllers/application_controller.rb": [
        1,
        1,
        1,
        1,
        null,
        1,
        null,
        1,
        null,
        1,
        15,
        null,
        null,
        1,
        15,
        null,
        null,
        1,
        null,
        1,
        14,
        null,
        null
      ],
      "/home/vitalii/RubymineProjects/issue_tracker_sti/app/controllers/concerns/response.rb": [
        1,
        1,
        73,
        null,
        null
      ],
      "/home/vitalii/RubymineProjects/issue_tracker_sti/app/controllers/concerns/exception_handler.rb": [
        1,
        1,
        null,
        1,
        1,
        14,
        null,
        null,
        1,
        2,
        null,
        null,
        null
      ],
      "/home/vitalii/RubymineProjects/issue_tracker_sti/app/controllers/api/v1/clients/registrations_controller.rb": [
        1,
        1,
        1,
        1,
        1,
        null,
        null,
        null,
        null
      ],
      "/home/vitalii/RubymineProjects/issue_tracker_sti/app/controllers/concerns/registrations.rb": [
        1,
        1,
        null,
        1,
        8,
        4,
        null,
        4,
        null,
        null,
        null,
        1,
        null,
        1,
        8,
        null,
        null,
        1,
        8,
        null,
        null
      ],
      "/home/vitalii/RubymineProjects/issue_tracker_sti/app/controllers/api/v1/clients/client_token_controller.rb": [
        1,
        1,
        1,
        1,
        1,
        null,
        null,
        null,
        null
      ],
      "/home/vitalii/RubymineProjects/issue_tracker_sti/app/controllers/api/v1/managers/issues_controller.rb": [
        1,
        1,
        1,
        1,
        1,
        1,
        null,
        1,
        7,
        null,
        null,
        null,
        null,
        1,
        4,
        null,
        null,
        1,
        8,
        2,
        null,
        2,
        2,
        null,
        null,
        null,
        1,
        6,
        2,
        2,
        null,
        4,
        null,
        null,
        null,
        null,
        1,
        2,
        2,
        null,
        null,
        1,
        null,
        1,
        2,
        null,
        null,
        1,
        48,
        null,
        null,
        1,
        0,
        null,
        null,
        1,
        20,
        8,
        4,
        null,
        null,
        null,
        null,
        4,
        null,
        null,
        null,
        1,
        6,
        null,
        null,
        null,
        null,
        null,
        null,
        null,
        null
      ],
      "/home/vitalii/RubymineProjects/issue_tracker_sti/app/controllers/api/v1/managers/base_controller.rb": [
        1,
        1,
        1,
        1,
        1,
        null,
        null,
        null,
        null
      ],
      "/home/vitalii/RubymineProjects/issue_tracker_sti/app/controllers/api/v1/managers/registrations_controller.rb": [
        1,
        1,
        1,
        1,
        1,
        null,
        null,
        null,
        null
      ],
      "/home/vitalii/RubymineProjects/issue_tracker_sti/app/controllers/api/v1/managers/manager_token_controller.rb": [
        1,
        1,
        1,
        1,
        1,
        null,
        null,
        null,
        null
      ],
      "/home/vitalii/RubymineProjects/issue_tracker_sti/app/mailers/application_mailer.rb": [
        0,
        0,
        0,
        0
      ],
      "/home/vitalii/RubymineProjects/issue_tracker_sti/app/jobs/application_job.rb": [
        0,
        0
      ],
      "/home/vitalii/RubymineProjects/issue_tracker_sti/app/channels/application_cable/connection.rb": [
        0,
        0,
        0,
        0
      ],
      "/home/vitalii/RubymineProjects/issue_tracker_sti/app/channels/application_cable/channel.rb": [
        0,
        0,
        0,
        0
      ]
    },
    "timestamp": 1531432082
  }
}
